# JRE version: OpenJDK Runtime Environment (23.0.1+11) (build 23.0.1+11-39)
# Java VM: OpenJDK 64-Bit Server VM (23.0.1+11-39, mixed mode, sharing, tiered, compressed oops, compressed class ptrs, g1 gc, linux-amd64)
Heap:
 garbage-first heap   total reserved 8175616K, committed 516096K, used 72481K [0x000000060d000000, 0x0000000800000000)
  region size 4096K, 15 young (61440K), 3 survivors (12288K)
 Metaspace       used 16341K, committed 16640K, reserved 1114112K
  class space    used 1657K, committed 1792K, reserved 1048576K
GC Heap History (6 events):
Event: 4.196 GC heap before
{Heap before GC invocations=0 (full 0):
 garbage-first heap   total reserved 8175616K, committed 516096K, used 25721K [0x000000060d000000, 0x0000000800000000)
  region size 4096K, 6 young (24576K), 0 survivors (0K)
 Metaspace       used 14925K, committed 15232K, reserved 1114112K
  class space    used 1639K, committed 1792K, reserved 1048576K
}
Event: 4.202 GC heap after
{Heap after GC invocations=1 (full 0):
 garbage-first heap   total reserved 8175616K, committed 516096K, used 5102K [0x000000060d000000, 0x0000000800000000)
  region size 4096K, 1 young (4096K), 1 survivors (4096K)
 Metaspace       used 14925K, committed 15232K, reserved 1114112K
  class space    used 1639K, committed 1792K, reserved 1048576K
}
Event: 32.095 GC heap before
{Heap before GC invocations=1 (full 0):
 garbage-first heap   total reserved 8175616K, committed 516096K, used 29678K [0x000000060d000000, 0x0000000800000000)
  region size 4096K, 6 young (24576K), 1 survivors (4096K)
 Metaspace       used 15972K, committed 16192K, reserved 1114112K
  class space    used 1653K, committed 1792K, reserved 1048576K
}
Event: 32.101 GC heap after
{Heap after GC invocations=2 (full 0):
 garbage-first heap   total reserved 8175616K, committed 516096K, used 15544K [0x000000060d000000, 0x0000000800000000)
  region size 4096K, 1 young (4096K), 1 survivors (4096K)
 Metaspace       used 15972K, committed 16192K, reserved 1114112K
  class space    used 1653K, committed 1792K, reserved 1048576K
}
Event: 176.596 GC heap before
{Heap before GC invocations=2 (full 0):
 garbage-first heap   total reserved 8175616K, committed 516096K, used 76984K [0x000000060d000000, 0x0000000800000000)
  region size 4096K, 17 young (69632K), 1 survivors (4096K)
 Metaspace       used 16240K, committed 16512K, reserved 1114112K
  class space    used 1653K, committed 1792K, reserved 1048576K
}
Event: 176.600 GC heap after
{Heap after GC invocations=3 (full 0):
 garbage-first heap   total reserved 8175616K, committed 516096K, used 25350K [0x000000060d000000, 0x0000000800000000)
  region size 4096K, 3 young (12288K), 3 survivors (12288K)
 Metaspace       used 16240K, committed 16512K, reserved 1114112K
  class space    used 1653K, committed 1792K, reserved 1048576K
}

