# JRE version: OpenJDK Runtime Environment (8.0_442-b06) (build 1.8.0_442-b06)
# Java VM: OpenJDK 64-Bit Server VM (25.442-b06 mixed mode linux-amd64 compressed oops)
Heap:
 PSYoungGen      total 149504K, used 141013K [0x0000000719b00000, 0x0000000724180000, 0x00000007c0000000)
  eden space 128512K, 93% used [0x0000000719b00000,0x00000007210f5dc8,0x0000000721880000)
  from space 20992K, 96% used [0x0000000722d00000,0x00000007240bf7b0,0x0000000724180000)
  to   space 20992K, 0% used [0x0000000721880000,0x0000000721880000,0x0000000722d00000)
 ParOldGen       total 341504K, used 599K [0x00000005cd000000, 0x00000005e1d80000, 0x0000000719b00000)
  object space 341504K, 0% used [0x00000005cd000000,0x00000005cd095cb0,0x00000005e1d80000)
 Metaspace       used 16814K, capacity 17148K, committed 17408K, reserved 1064960K
  class space    used 1926K, capacity 2029K, committed 2048K, reserved 1048576K
GC Heap History (4 events):
Event: 7.738 GC heap before
{Heap before GC invocations=1 (full 0):
 PSYoungGen      total 149504K, used 128512K [0x0000000719b00000, 0x0000000724180000, 0x00000007c0000000)
  eden space 128512K, 100% used [0x0000000719b00000,0x0000000721880000,0x0000000721880000)
  from space 20992K, 0% used [0x0000000722d00000,0x0000000722d00000,0x0000000724180000)
  to   space 20992K, 0% used [0x0000000721880000,0x0000000721880000,0x0000000722d00000)
 ParOldGen       total 341504K, used 0K [0x00000005cd000000, 0x00000005e1d80000, 0x0000000719b00000)
  object space 341504K, 0% used [0x00000005cd000000,0x00000005cd000000,0x00000005e1d80000)
 Metaspace       used 15857K, capacity 16116K, committed 16384K, reserved 1062912K
  class space    used 1920K, capacity 2021K, committed 2048K, reserved 1048576K
Event: 7.749 GC heap after
Heap after GC invocations=1 (full 0):
 PSYoungGen      total 149504K, used 20987K [0x0000000719b00000, 0x0000000724180000, 0x00000007c0000000)
  eden space 128512K, 0% used [0x0000000719b00000,0x0000000719b00000,0x0000000721880000)
  from space 20992K, 99% used [0x0000000721880000,0x0000000722cfec30,0x0000000722d00000)
  to   space 20992K, 0% used [0x0000000722d00000,0x0000000722d00000,0x0000000724180000)
 ParOldGen       total 341504K, used 591K [0x00000005cd000000, 0x00000005e1d80000, 0x0000000719b00000)
  object space 341504K, 0% used [0x00000005cd000000,0x00000005cd093cb0,0x00000005e1d80000)
 Metaspace       used 15857K, capacity 16116K, committed 16384K, reserved 1062912K
  class space    used 1920K, capacity 2021K, committed 2048K, reserved 1048576K
}
Event: 102.179 GC heap before
{Heap before GC invocations=2 (full 0):
 PSYoungGen      total 149504K, used 149499K [0x0000000719b00000, 0x0000000724180000, 0x00000007c0000000)
  eden space 128512K, 100% used [0x0000000719b00000,0x0000000721880000,0x0000000721880000)
  from space 20992K, 99% used [0x0000000721880000,0x0000000722cfec30,0x0000000722d00000)
  to   space 20992K, 0% used [0x0000000722d00000,0x0000000722d00000,0x0000000724180000)
 ParOldGen       total 341504K, used 591K [0x00000005cd000000, 0x00000005e1d80000, 0x0000000719b00000)
  object space 341504K, 0% used [0x00000005cd000000,0x00000005cd093cb0,0x00000005e1d80000)
 Metaspace       used 16597K, capacity 16892K, committed 17152K, reserved 1064960K
  class space    used 1925K, capacity 2029K, committed 2048K, reserved 1048576K
Event: 102.198 GC heap after
Heap after GC invocations=2 (full 0):
 PSYoungGen      total 149504K, used 20221K [0x0000000719b00000, 0x0000000724180000, 0x00000007c0000000)
  eden space 128512K, 0% used [0x0000000719b00000,0x0000000719b00000,0x0000000721880000)
  from space 20992K, 96% used [0x0000000722d00000,0x00000007240bf7b0,0x0000000724180000)
  to   space 20992K, 0% used [0x0000000721880000,0x0000000721880000,0x0000000722d00000)
 ParOldGen       total 341504K, used 599K [0x00000005cd000000, 0x00000005e1d80000, 0x0000000719b00000)
  object space 341504K, 0% used [0x00000005cd000000,0x00000005cd095cb0,0x00000005e1d80000)
 Metaspace       used 16597K, capacity 16892K, committed 17152K, reserved 1064960K
  class space    used 1925K, capacity 2029K, committed 2048K, reserved 1048576K
}

