# JRE version: OpenJDK Runtime Environment (23.0.1+11) (build 23.0.1+11-39)
# Java VM: OpenJDK 64-Bit Server VM (23.0.1+11-39, mixed mode, sharing, tiered, compressed oops, compressed class ptrs, g1 gc, linux-amd64)
Heap:
 garbage-first heap   total reserved 8175616K, committed 516096K, used 57038K [0x000000060d000000, 0x0000000800000000)
  region size 4096K, 9 young (36864K), 3 survivors (12288K)
 Metaspace       used 16656K, committed 16896K, reserved 1114112K
  class space    used 1669K, committed 1792K, reserved 1048576K
GC Heap History (6 events):
Event: 2.653 GC heap before
{Heap before GC invocations=0 (full 0):
 garbage-first heap   total reserved 8175616K, committed 516096K, used 25721K [0x000000060d000000, 0x0000000800000000)
  region size 4096K, 6 young (24576K), 0 survivors (0K)
 Metaspace       used 14584K, committed 14848K, reserved 1114112K
  class space    used 1604K, committed 1728K, reserved 1048576K
}
Event: 2.659 GC heap after
{Heap after GC invocations=1 (full 0):
 garbage-first heap   total reserved 8175616K, committed 516096K, used 5118K [0x000000060d000000, 0x0000000800000000)
  region size 4096K, 1 young (4096K), 1 survivors (4096K)
 Metaspace       used 14584K, committed 14848K, reserved 1114112K
  class space    used 1604K, committed 1728K, reserved 1048576K
}
Event: 26.927 GC heap before
{Heap before GC invocations=1 (full 0):
 garbage-first heap   total reserved 8175616K, committed 516096K, used 33790K [0x000000060d000000, 0x0000000800000000)
  region size 4096K, 6 young (24576K), 1 survivors (4096K)
 Metaspace       used 15863K, committed 16128K, reserved 1114112K
  class space    used 1652K, committed 1792K, reserved 1048576K
}
Event: 26.933 GC heap after
{Heap after GC invocations=2 (full 0):
 garbage-first heap   total reserved 8175616K, committed 516096K, used 15502K [0x000000060d000000, 0x0000000800000000)
  region size 4096K, 1 young (4096K), 1 survivors (4096K)
 Metaspace       used 15863K, committed 16128K, reserved 1114112K
  class space    used 1652K, committed 1792K, reserved 1048576K
}
Event: 169.221 GC heap before
{Heap before GC invocations=2 (full 0):
 garbage-first heap   total reserved 8175616K, committed 516096K, used 76942K [0x000000060d000000, 0x0000000800000000)
  region size 4096K, 17 young (69632K), 1 survivors (4096K)
 Metaspace       used 16343K, committed 16640K, reserved 1114112K
  class space    used 1664K, committed 1792K, reserved 1048576K
}
Event: 169.224 GC heap after
{Heap after GC invocations=3 (full 0):
 garbage-first heap   total reserved 8175616K, committed 516096K, used 26362K [0x000000060d000000, 0x0000000800000000)
  region size 4096K, 3 young (12288K), 3 survivors (12288K)
 Metaspace       used 16343K, committed 16640K, reserved 1114112K
  class space    used 1664K, committed 1792K, reserved 1048576K
}

